Arguments: 
  C:\Program Files\nodejs\node.exe C:\Program Files (x86)\Yarn\bin\yarn.js

PATH: 
  C:\Program Files\Git\mingw64\bin;C:\Program Files\Git\usr\bin;C:\Users\LN\bin;C:\Python38\Scripts;C:\Python38;C:\Python27;C:\Python27\Scripts;C:\WINDOWS\system32;C:\WINDOWS;C:\WINDOWS\System32\Wbem;C:\WINDOWS\System32\WindowsPowerShell\v1.0;C:\WINDOWS\System32\OpenSSH;C:\Program Files\Git\cmd;C:\ProgramData\chocolatey\bin;C:\Users\LN\AppData\Local\Android\Sdk\platform-tools;C:\Program Files (x86)\Bitvise SSH Client;C:\Program Files (x86)\Yarn\bin;C:\Program Files\nodejs;C:\Program Files (x86)\Microsoft SQL Server\150\DTS\Binn;C:\Program Files\Microsoft SQL Server\130\Tools\Binn;C:\Program Files\Microsoft SQL Server\Client SDK\ODBC\170\Tools\Binn;C:\Program Files\Docker\Docker\resources\bin;C:\ProgramData\DockerDesktop\version-bin;C:\php-7.4.1-Win32-vc15-x64\ext;C:\Program Files\dotnet;C:\cmder;C:\Users\LN\AppData\Local\Microsoft\WindowsApps;C:\Users\LN\AppData\Local\Programs\Microsoft VS Code\bin;C:\Program Files\JetBrains\WebStorm 2019.3.1\bin;C:\Program Files\JetBrains\PhpStorm 2019.3.1\bin;C:\Users\LN\AppData\Local\Yarn\bin;C:\Users\LN\AppData\Roaming\npm;C:\Users\LN\.deno\bin;C:\Users\LN\.dotnet\tools;C:\Users\LN\AppData\Local\Programs\Azure Data Studio\bin;C:\Users\LN\AppData\Local\Microsoft\WindowsApps

Yarn version: 
  1.22.4

Node version: 
  12.16.2

Platform: 
  win32 x64

Trace: 
  SyntaxError: C:\workspace\2source\reappay_superadmin_dev_server\package.json: Unexpected token } in JSON at position 243
      at JSON.parse (<anonymous>)
      at C:\Program Files (x86)\Yarn\lib\cli.js:1625:59
      at Generator.next (<anonymous>)
      at step (C:\Program Files (x86)\Yarn\lib\cli.js:310:30)
      at C:\Program Files (x86)\Yarn\lib\cli.js:321:13

npm manifest: 
  {
    "name": "qtum_funding",
    "version": "1.0.0",
    "description": "",
    "main": "index.js",
    "scripts": {
      "sync": "gulp"
    },
    "author": "",
    "license": "ISC",
    "devDependencies": {
      "gulp": "^4.0.2",
      "gulp-watch": "^5.0.1",
    }
  }

yarn manifest: 
  No manifest

Lockfile: 
  No lockfile
